<?xml version="1.0" encoding="UTF-8"?>
<testng-results ignored="0" total="2" passed="2" failed="0" skipped="0">
  <reporter-output>
  </reporter-output>
  <suite started-at="2022-10-13T10:43:39 IST" name="Default suite" finished-at="2022-10-13T10:46:06 IST" duration-ms="146745">
    <groups>
    </groups>
    <test started-at="2022-10-13T10:43:39 IST" name="Default test" finished-at="2022-10-13T10:46:06 IST" duration-ms="146745">
      <class name="TestClasses.Testclass1">
        <test-method is-config="true" signature="BrowserSetup()[pri:0, instance:TestClasses.Testclass1@1a6d8329]" started-at="2022-10-13T10:43:39 IST" name="BrowserSetup" finished-at="2022-10-13T10:43:59 IST" duration-ms="19976" status="PASS">
          <reporter-output>
          </reporter-output>
        </test-method> <!-- BrowserSetup -->
        <test-method is-config="true" signature="ObjectofClasses()[pri:0, instance:TestClasses.Testclass1@1a6d8329]" started-at="2022-10-13T10:43:59 IST" name="ObjectofClasses" finished-at="2022-10-13T10:43:59 IST" duration-ms="1" status="PASS">
          <reporter-output>
          </reporter-output>
        </test-method> <!-- ObjectofClasses -->
        <test-method is-config="true" signature="LaunchTheBrowser()[pri:0, instance:TestClasses.Testclass1@1a6d8329]" started-at="2022-10-13T10:43:59 IST" name="LaunchTheBrowser" finished-at="2022-10-13T10:44:17 IST" duration-ms="18206" status="PASS">
          <reporter-output>
          </reporter-output>
        </test-method> <!-- LaunchTheBrowser -->
        <test-method signature="VerifytheRecruitment()[pri:0, instance:TestClasses.Testclass1@1a6d8329]" started-at="2022-10-13T10:44:17 IST" name="VerifytheRecruitment" finished-at="2022-10-13T10:45:29 IST" duration-ms="72355" status="PASS">
          <reporter-output>
          </reporter-output>
        </test-method> <!-- VerifytheRecruitment -->
        <test-method is-config="true" signature="Logoutapp(org.testng.ITestResult)[pri:0, instance:TestClasses.Testclass1@1a6d8329]" started-at="2022-10-13T10:45:29 IST" name="Logoutapp" finished-at="2022-10-13T10:45:40 IST" duration-ms="10394" status="PASS">
          <params>
            <param index="0">
              <value>
                <![CDATA[[TestResult name=VerifytheRecruitment status=SUCCESS method=Testclass1.VerifytheRecruitment()[pri:0, instance:TestClasses.Testclass1@1a6d8329] output={null}]]]>
              </value>
            </param>
          </params>
          <reporter-output>
          </reporter-output>
        </test-method> <!-- Logoutapp -->
        <test-method is-config="true" signature="LaunchTheBrowser()[pri:0, instance:TestClasses.Testclass1@1a6d8329]" started-at="2022-10-13T10:45:40 IST" name="LaunchTheBrowser" finished-at="2022-10-13T10:45:42 IST" duration-ms="2350" status="PASS">
          <reporter-output>
          </reporter-output>
        </test-method> <!-- LaunchTheBrowser -->
        <test-method signature="LoginTheOrangehrm()[pri:1, instance:TestClasses.Testclass1@1a6d8329]" started-at="2022-10-13T10:45:42 IST" name="LoginTheOrangehrm" finished-at="2022-10-13T10:46:03 IST" duration-ms="21236" status="PASS">
          <reporter-output>
          </reporter-output>
        </test-method> <!-- LoginTheOrangehrm -->
        <test-method is-config="true" signature="Logoutapp(org.testng.ITestResult)[pri:0, instance:TestClasses.Testclass1@1a6d8329]" started-at="2022-10-13T10:46:03 IST" name="Logoutapp" finished-at="2022-10-13T10:46:06 IST" duration-ms="2165" status="PASS">
          <params>
            <param index="0">
              <value>
                <![CDATA[[TestResult name=LoginTheOrangehrm status=SUCCESS method=Testclass1.LoginTheOrangehrm()[pri:1, instance:TestClasses.Testclass1@1a6d8329] output={null}]]]>
              </value>
            </param>
          </params>
          <reporter-output>
          </reporter-output>
        </test-method> <!-- Logoutapp -->
        <test-method is-config="true" signature="QuitTheBrowser()[pri:0, instance:TestClasses.Testclass1@1a6d8329]" started-at="2022-10-13T10:46:06 IST" name="QuitTheBrowser" finished-at="2022-10-13T10:46:06 IST" duration-ms="1" status="PASS">
          <reporter-output>
          </reporter-output>
        </test-method> <!-- QuitTheBrowser -->
        <test-method is-config="true" signature="FlushtheObject()[pri:0, instance:TestClasses.Testclass1@1a6d8329]" started-at="2022-10-13T10:46:06 IST" name="FlushtheObject" finished-at="2022-10-13T10:46:06 IST" duration-ms="0" status="PASS">
          <reporter-output>
          </reporter-output>
        </test-method> <!-- FlushtheObject -->
      </class> <!-- TestClasses.Testclass1 -->
    </test> <!-- Default test -->
  </suite> <!-- Default suite -->
</testng-results>
